<?xml version="1.0" encoding="UTF-8"?>
<testng-results skipped="0" failed="0" ignored="0" total="1" passed="1">
  <reporter-output>
  </reporter-output>
  <suite name="Default suite" duration-ms="60" started-at="2020-01-27T18:11:36Z" finished-at="2020-01-27T18:11:36Z">
    <groups>
    </groups>
    <test name="Default test" duration-ms="60" started-at="2020-01-27T18:11:36Z" finished-at="2020-01-27T18:11:36Z">
      <class name="com.java.interview.StringWithArithmeticOperation">
        <test-method status="PASS" signature="stringWithAddition()[pri:0, instance:com.java.interview.StringWithArithmeticOperation@51081592]" name="stringWithAddition" duration-ms="20" started-at="2020-01-27T18:11:36Z" finished-at="2020-01-27T18:11:36Z">
          <reporter-output>
          </reporter-output>
        </test-method> <!-- stringWithAddition -->
      </class> <!-- com.java.interview.StringWithArithmeticOperation -->
    </test> <!-- Default test -->
  </suite> <!-- Default suite -->
</testng-results>
