<?xml version="1.0" encoding="UTF-8"?>
<!-- Generated by org.testng.reporters.JUnitXMLReporter -->
<testsuite hostname="RAM-PC" ignored="0" name="Default test" tests="3" failures="0" timestamp="17 Feb 2020 10:12:53 GMT" time="0.104" errors="0">
  <testcase name="testMethodOne" time="0.025" classname="com.qa.testNG.groups.TestGroupExample"/>
  <testcase name="testMethodThree" time="0.003" classname="com.qa.testNG.groups.TestGroupExample"/>
  <testcase name="testMethodTwo" time="0.003" classname="com.qa.testNG.groups.TestGroupExample"/>
</testsuite> <!-- Default test -->
