<?xml version="1.0" encoding="UTF-8"?>
<!-- Generated by org.testng.reporters.JUnitXMLReporter -->
<testsuite hostname="RAM-PC" ignored="1" name="Default test" tests="1" failures="0" timestamp="10 Feb 2020 07:13:48 GMT" time="0.64" errors="0">
  <testcase name="readYAML" time="0.573" classname="com.qa.readYMLfile.EmployeeRWyaml"/>
  <testcase name="writeYML" time="0.0" classname="com.qa.readYMLfile.EmployeeRWyaml">
    <ignored/>
  </testcase> <!-- writeYML -->
</testsuite> <!-- Default test -->
