<?xml version="1.0" encoding="UTF-8"?>
<testng-results ignored="0" total="1" passed="1" failed="0" skipped="0">
  <reporter-output>
  </reporter-output>
  <suite started-at="2021-02-18T07:53:15Z" name="Default suite" finished-at="2021-02-18T07:53:24Z" duration-ms="9489">
    <groups>
    </groups>
    <test started-at="2021-02-18T07:53:15Z" name="Default test" finished-at="2021-02-18T07:53:24Z" duration-ms="9489">
      <class name="com.qa.rest.test.GetCallBDD">
        <test-method signature="numOfCircuits_2017()[pri:0, instance:com.qa.rest.test.GetCallBDD@143640d5]" started-at="2021-02-18T07:53:15Z" name="numOfCircuits_2017" finished-at="2021-02-18T07:53:24Z" duration-ms="9442" status="PASS">
          <reporter-output>
          </reporter-output>
        </test-method> <!-- numOfCircuits_2017 -->
      </class> <!-- com.qa.rest.test.GetCallBDD -->
    </test> <!-- Default test -->
  </suite> <!-- Default suite -->
</testng-results>
