<?xml version="1.0" encoding="UTF-8"?>
<!-- Generated by org.testng.reporters.JUnitXMLReporter -->
<testsuite ignored="1" hostname="DESKTOP-TQ4UPAI" failures="0" tests="1" name="Default test" time="53.526" errors="0" timestamp="21 Mar 2020 19:36:42 GMT">
  <testcase classname="com.qa.homePageTests.CreateNewRecord" name="createNewRecord" time="14.415"/>
  <testcase classname="com.qa.homePageTests.CreateNewRecord" name="createNewRecordByTDD" time="0.0">
    <ignored/>
  </testcase> <!-- createNewRecordByTDD -->
</testsuite> <!-- Default test -->
