<?xml version="1.0" encoding="UTF-8"?>
<!-- Generated by org.testng.reporters.JUnitXMLReporter -->
<testsuite hostname="RAM-PC" ignored="1" name="Default test" tests="1" failures="0" timestamp="12 Mar 2020 06:05:22 GMT" time="26.054" errors="0">
  <testcase name="createNewRecord" time="11.444" classname="com.qa.homePageTests.CreateNewRecord"/>
  <testcase name="createNewRecordByTDD" time="0.0" classname="com.qa.homePageTests.CreateNewRecord">
    <ignored/>
  </testcase> <!-- createNewRecordByTDD -->
</testsuite> <!-- Default test -->
