<?xml version="1.0" encoding="UTF-8"?>
<!-- Generated by org.testng.reporters.JUnitXMLReporter -->
<testsuite hostname="RAM-PC" ignored="3" name="GRP-test-group-two" tests="1" failures="0" timestamp="17 Feb 2020 10:18:23 GMT" time="0.089" errors="0">
  <testcase name="testMethodFour" time="0.026" classname="com.qa.testNG.groups.TestGroupExample"/>
  <testcase name="testMethodOne" time="0.0" classname="com.qa.testNG.groups.TestGroupExample">
    <ignored/>
  </testcase> <!-- testMethodOne -->
  <testcase name="testMethodThree" time="0.0" classname="com.qa.testNG.groups.TestGroupExample">
    <ignored/>
  </testcase> <!-- testMethodThree -->
  <testcase name="testMethodTwo" time="0.0" classname="com.qa.testNG.groups.TestGroupExample">
    <ignored/>
  </testcase> <!-- testMethodTwo -->
</testsuite> <!-- GRP-test-group-two -->
