<?xml version="1.0" encoding="UTF-8"?>
<testng-results ignored="0" total="1" passed="1" failed="0" skipped="0">
  <reporter-output>
  </reporter-output>
  <suite started-at="2023-08-11T00:19:46 IST" name="Default suite" finished-at="2023-08-11T00:20:00 IST" duration-ms="13939">
    <groups>
    </groups>
    <test started-at="2023-08-11T00:19:46 IST" name="Default test" finished-at="2023-08-11T00:20:00 IST" duration-ms="13939">
      <class name="com.qa.homePageTests.SearchRecord">
        <test-method is-config="true" signature="reportSetup()[pri:0, instance:com.qa.homePageTests.SearchRecord@7dcf94f8]" started-at="2023-08-11T00:19:46 IST" name="reportSetup" finished-at="2023-08-11T00:19:46 IST" duration-ms="306" status="PASS">
          <reporter-output>
          </reporter-output>
        </test-method> <!-- reportSetup -->
        <test-method is-config="true" signature="initiate()[pri:0, instance:com.qa.homePageTests.SearchRecord@7dcf94f8]" started-at="2023-08-11T00:19:46 IST" name="initiate" finished-at="2023-08-11T00:19:55 IST" duration-ms="9093" status="PASS">
          <reporter-output>
          </reporter-output>
        </test-method> <!-- initiate -->
        <test-method is-config="true" signature="getTestCaseName(java.lang.reflect.Method)[pri:0, instance:com.qa.homePageTests.SearchRecord@7dcf94f8]" started-at="2023-08-11T00:19:55 IST" name="getTestCaseName" finished-at="2023-08-11T00:19:55 IST" duration-ms="10" status="PASS">
          <params>
            <param index="0">
              <value>
                <![CDATA[public void com.qa.homePageTests.SearchRecord.searchRecord()]]>
              </value>
            </param>
          </params>
          <reporter-output>
          </reporter-output>
        </test-method> <!-- getTestCaseName -->
        <test-method signature="searchRecord()[pri:1, instance:com.qa.homePageTests.SearchRecord@7dcf94f8]" started-at="2023-08-11T00:19:55 IST" name="searchRecord" description="Searching a record" finished-at="2023-08-11T00:19:58 IST" duration-ms="3216" status="PASS">
          <reporter-output>
          </reporter-output>
        </test-method> <!-- searchRecord -->
        <test-method is-config="true" signature="getTestCaseResult(org.testng.ITestResult)[pri:0, instance:com.qa.homePageTests.SearchRecord@7dcf94f8]" started-at="2023-08-11T00:19:58 IST" name="getTestCaseResult" finished-at="2023-08-11T00:19:58 IST" duration-ms="15" status="PASS">
          <params>
            <param index="0">
              <value>
                <![CDATA[[TestResult name=searchRecord status=SUCCESS method=SearchRecord.searchRecord()[pri:1, instance:com.qa.homePageTests.SearchRecord@7dcf94f8] output={null}]]]>
              </value>
            </param>
          </params>
          <reporter-output>
          </reporter-output>
        </test-method> <!-- getTestCaseResult -->
        <test-method is-config="true" signature="tearDown()[pri:0, instance:com.qa.homePageTests.SearchRecord@7dcf94f8]" started-at="2023-08-11T00:19:58 IST" name="tearDown" finished-at="2023-08-11T00:19:59 IST" duration-ms="839" status="PASS">
          <reporter-output>
          </reporter-output>
        </test-method> <!-- tearDown -->
        <test-method is-config="true" signature="flushReport()[pri:0, instance:com.qa.homePageTests.SearchRecord@7dcf94f8]" started-at="2023-08-11T00:19:59 IST" name="flushReport" finished-at="2023-08-11T00:20:00 IST" duration-ms="374" status="PASS">
          <reporter-output>
          </reporter-output>
        </test-method> <!-- flushReport -->
      </class> <!-- com.qa.homePageTests.SearchRecord -->
    </test> <!-- Default test -->
  </suite> <!-- Default suite -->
</testng-results>
