<?xml version="1.0" encoding="UTF-8"?>
<!-- Generated by org.testng.reporters.JUnitXMLReporter -->
<testsuite hostname="RAM-PC" ignored="4" name="Default test" tests="1" failures="0" timestamp="17 Jan 2020 05:40:08 GMT" time="3.341" errors="0">
  <testcase name="verifyHeader" time="3.281" classname="com.qa.httpReq.VerifyGETResponse"/>
  <testcase name="verifyStatusLine2" time="0.0" classname="com.qa.httpReq.VerifyGETResponse">
    <ignored/>
  </testcase> <!-- verifyStatusLine2 -->
  <testcase name="verifyStatusCode2" time="0.0" classname="com.qa.httpReq.VerifyGETResponse">
    <ignored/>
  </testcase> <!-- verifyStatusCode2 -->
  <testcase name="verifyStatusCode1" time="0.0" classname="com.qa.httpReq.VerifyGETResponse">
    <ignored/>
  </testcase> <!-- verifyStatusCode1 -->
  <testcase name="verifyStatusLine1" time="0.0" classname="com.qa.httpReq.VerifyGETResponse">
    <ignored/>
  </testcase> <!-- verifyStatusLine1 -->
</testsuite> <!-- Default test -->
