<?xml version="1.0" encoding="UTF-8"?>
<!-- Generated by org.testng.reporters.JUnitXMLReporter -->
<testsuite hostname="RAM-PC" ignored="3" tests="0" failures="0" timestamp="08 Nov 2019 06:58:30 GMT" time="0.016" errors="0">
  <testcase name="rightClickDoulbleClickAlert" time="0.0" classname="com.java.selenium.ActionsClassInSelenium1">
    <ignored/>
  </testcase> <!-- rightClickDoulbleClickAlert -->
  <testcase name="doubleClick" time="0.0" classname="com.java.selenium.ActionsClassInSelenium1">
    <ignored/>
  </testcase> <!-- doubleClick -->
  <testcase name="dragAndDrop" time="0.0" classname="com.java.selenium.ActionsClassInSelenium1">
    <ignored/>
  </testcase> <!-- dragAndDrop -->
</testsuite>
