<?xml version="1.0" encoding="UTF-8"?>
<testng-results skipped="0" failed="0" total="1" passed="1">
  <reporter-output>
  </reporter-output>
  <suite name="Default suite" duration-ms="6780" started-at="2019-08-26T09:12:19Z" finished-at="2019-08-26T09:12:25Z">
    <groups>
    </groups>
    <test name="Default test" duration-ms="6780" started-at="2019-08-26T09:12:19Z" finished-at="2019-08-26T09:12:25Z">
      <class name="com.qa.test.PostApiTest">
        <test-method status="PASS" signature="setUp()[pri:0, instance:com.qa.test.PostApiTest@48eff760]" name="setUp" is-config="true" duration-ms="7" started-at="2019-08-26T14:42:19Z" finished-at="2019-08-26T14:42:19Z">
          <reporter-output>
          </reporter-output>
        </test-method> <!-- setUp -->
        <test-method status="PASS" signature="postApi()[pri:0, instance:com.qa.test.PostApiTest@48eff760]" name="postApi" duration-ms="6759" started-at="2019-08-26T14:42:19Z" finished-at="2019-08-26T14:42:25Z">
          <reporter-output>
          </reporter-output>
        </test-method> <!-- postApi -->
      </class> <!-- com.qa.test.PostApiTest -->
    </test> <!-- Default test -->
  </suite> <!-- Default suite -->
</testng-results>
