<?xml version="1.0" encoding="UTF-8"?>
<!-- Generated by org.testng.reporters.JUnitReportReporter -->
<testsuite hostname="RamChennale" failures="1" tests="1" name="com.ex.runner.CucumberRunnerTests" time="6.203" errors="0" timestamp="2023-08-19T23:55:37 IST" skipped="0">
  <testcase classname="com.ex.runner.CucumberRunnerTests" name="runScenario" time="6.203">
    <failure message="expected [401] but found [201]" type="java.lang.AssertionError">
      <![CDATA[java.lang.AssertionError: expected [401] but found [201]
at org.testng.Assert.fail(Assert.java:99)
at org.testng.Assert.failNotEquals(Assert.java:1037)
at org.testng.Assert.assertEqualsImpl(Assert.java:140)
at org.testng.Assert.assertEquals(Assert.java:122)
at org.testng.Assert.assertEquals(Assert.java:907)
at org.testng.Assert.assertEquals(Assert.java:917)
at com.ex.CommonAPISteps1.the_book_is_added(CommonAPISteps1.java:80)
at ✽.The book is added(file:///C:/Users/Ram/eclipse-workspace/api-automation-learning/src/test/resources/features/book-operationAPI.feature:12)
]]>
    </failure>
  </testcase> <!-- runScenario -->
  <system-out/>
</testsuite> <!-- com.ex.runner.CucumberRunnerTests -->
