<?xml version="1.0" encoding="UTF-8"?>
<testng-results skipped="0" failed="0" ignored="0" total="1" passed="1">
  <reporter-output>
  </reporter-output>
  <suite name="Default suite" duration-ms="8825" started-at="2019-06-28T03:59:08Z" finished-at="2019-06-28T03:59:17Z">
    <groups>
    </groups>
    <test name="Default test" duration-ms="8825" started-at="2019-06-28T03:59:08Z" finished-at="2019-06-28T03:59:17Z">
      <class name="com.lotus.reports.ExtentReportDemo2">
        <test-method status="PASS" signature="setUp()[pri:0, instance:com.lotus.reports.ExtentReportDemo2@1794d431]" name="setUp" is-config="true" duration-ms="177" started-at="2019-06-28T03:59:08Z" finished-at="2019-06-28T03:59:08Z">
          <reporter-output>
          </reporter-output>
        </test-method> <!-- setUp -->
        <test-method status="PASS" signature="loginTest()[pri:0, instance:com.lotus.reports.ExtentReportDemo2@1794d431]" name="loginTest" duration-ms="7545" started-at="2019-06-28T03:59:08Z" finished-at="2019-06-28T03:59:16Z">
          <reporter-output>
          </reporter-output>
        </test-method> <!-- loginTest -->
        <test-method status="PASS" signature="tearDown(org.testng.ITestResult)[pri:0, instance:com.lotus.reports.ExtentReportDemo2@1794d431]" name="tearDown" is-config="true" duration-ms="1068" started-at="2019-06-28T03:59:16Z" finished-at="2019-06-28T03:59:17Z">
          <params>
            <param index="0">
              <value>
                <![CDATA[[TestResult name=loginTest status=SUCCESS method=ExtentReportDemo2.loginTest()[pri:0, instance:com.lotus.reports.ExtentReportDemo2@1794d431] output={null}]]]>
              </value>
            </param>
          </params>
          <reporter-output>
          </reporter-output>
        </test-method> <!-- tearDown -->
      </class> <!-- com.lotus.reports.ExtentReportDemo2 -->
    </test> <!-- Default test -->
  </suite> <!-- Default suite -->
</testng-results>
