<?xml version="1.0" encoding="UTF-8"?>
<testng-results skipped="0" failed="0" ignored="0" total="1" passed="1">
  <reporter-output>
  </reporter-output>
  <suite name="Default suite" duration-ms="816" started-at="2019-12-27T04:50:35Z" finished-at="2019-12-27T04:50:35Z">
    <groups>
    </groups>
    <test name="Default test" duration-ms="816" started-at="2019-12-27T04:50:35Z" finished-at="2019-12-27T04:50:35Z">
      <class name="com.lotus.reports.AdvExtentReportDemo">
        <test-method status="PASS" signature="loginTest()[pri:0, instance:com.lotus.reports.AdvExtentReportDemo@523884b2]" name="loginTest" duration-ms="745" started-at="2019-12-27T04:50:35Z" finished-at="2019-12-27T04:50:35Z">
          <reporter-output>
          </reporter-output>
        </test-method> <!-- loginTest -->
      </class> <!-- com.lotus.reports.AdvExtentReportDemo -->
    </test> <!-- Default test -->
  </suite> <!-- Default suite -->
</testng-results>
