<?xml version="1.0" encoding="UTF-8"?>
<testng-results skipped="0" failed="0" ignored="0" total="1" passed="1">
  <reporter-output>
  </reporter-output>
  <suite name="Default suite" duration-ms="1003" started-at="2020-01-21T17:24:00Z" finished-at="2020-01-21T17:24:01Z">
    <groups>
    </groups>
    <test name="Default test" duration-ms="1003" started-at="2020-01-21T17:24:00Z" finished-at="2020-01-21T17:24:01Z">
      <class name="com.lotus.reports.AdvExtentReportDemo">
        <test-method status="PASS" signature="loginTest()[pri:0, instance:com.lotus.reports.AdvExtentReportDemo@4501b7af]" name="loginTest" duration-ms="935" started-at="2020-01-21T17:24:00Z" finished-at="2020-01-21T17:24:01Z">
          <reporter-output>
          </reporter-output>
        </test-method> <!-- loginTest -->
      </class> <!-- com.lotus.reports.AdvExtentReportDemo -->
    </test> <!-- Default test -->
  </suite> <!-- Default suite -->
</testng-results>
