<?xml version="1.0" encoding="UTF-8"?>
<!-- Generated by org.testng.reporters.JUnitReportReporter -->
<testsuite skipped="1" hostname="LAPTOP-20TPOOCQ" name="com.rupeelog.breadcrumbTests.ProcessManagedAccounttxnBCTest" tests="4" failures="0" timestamp="16 Oct 2020 07:34:11 GMT" time="9.413" errors="0">
  <testcase name="processMATxnManagedAccountMarketValueBc" time="3.352" classname="com.rupeelog.breadcrumbTests.ProcessManagedAccounttxnBCTest"/>
  <testcase name="processMATxnCommittedInvestmentUploadBc" time="2.769" classname="com.rupeelog.breadcrumbTests.ProcessManagedAccounttxnBCTest"/>
  <testcase name="processMATxnMAFolioChangeBc" time="3.292" classname="com.rupeelog.breadcrumbTests.ProcessManagedAccounttxnBCTest"/>
  <testcase name="processMATxnOrderMatchingBc" classname="com.rupeelog.breadcrumbTests.ProcessManagedAccounttxnBCTest">
    <skipped/>
  </testcase> <!-- processMATxnOrderMatchingBc -->
</testsuite> <!-- com.rupeelog.breadcrumbTests.ProcessManagedAccounttxnBCTest -->
