<?xml version="1.0" encoding="UTF-8"?>
<!-- Generated by org.testng.reporters.JUnitReportReporter -->
<testsuite skipped="0" hostname="LAPTOP-20TPOOCQ" name="com.rupeelog.processTests.DerivativeValidateEQDerivtTxnTC" tests="1" failures="0" timestamp="24 Feb 2021 10:02:30 GMT" time="4.490" errors="0">
  <testcase name="processCommodityValidateCmdtyTxnTC" time="4.490" classname="com.rupeelog.processTests.DerivativeValidateEQDerivtTxnTC"/>
</testsuite> <!-- com.rupeelog.processTests.DerivativeValidateEQDerivtTxnTC -->
