<?xml version="1.0" encoding="UTF-8"?>
<!-- Generated by org.testng.reporters.JUnitReportReporter -->
<testsuite skipped="0" hostname="LAPTOP-20TPOOCQ" name="com.rupeelog.instrumentDebtTests.CreateDebtPriceManualEntryTest" tests="1" failures="0" timestamp="11 Feb 2021 12:42:19 GMT" time="7.878" errors="0">
  <testcase name="instrumentCreateDebtInstTest" time="7.878" classname="com.rupeelog.instrumentDebtTests.CreateDebtPriceManualEntryTest"/>
</testsuite> <!-- com.rupeelog.instrumentDebtTests.CreateDebtPriceManualEntryTest -->
