<?xml version="1.0" encoding="UTF-8"?>
<!-- Generated by org.testng.reporters.JUnitReportReporter -->
<testsuite skipped="0" hostname="LAPTOP-20TPOOCQ" name="com.rupeelog.accountingTest.CreatePaymentVoucherTC" tests="1" failures="0" timestamp="09 Mar 2021 06:48:23 GMT" time="12.067" errors="0">
  <testcase name="accountingCreatePaymentVoucherTC" time="12.067" classname="com.rupeelog.accountingTest.CreatePaymentVoucherTC"/>
</testsuite> <!-- com.rupeelog.accountingTest.CreatePaymentVoucherTC -->
