<?xml version="1.0" encoding="UTF-8"?>
<!-- Generated by org.testng.reporters.JUnitReportReporter -->
<testsuite skipped="0" hostname="LAPTOP-20TPOOCQ" name="com.rupeelog.RIMSMFRevenueTests.RTARevenueFileProcessTC" tests="1" failures="0" timestamp="22 Feb 2021 12:03:52 GMT" time="5.595" errors="0">
  <testcase name="rimsMFRevenueCreateAMCCommiRecTC" time="5.595" classname="com.rupeelog.RIMSMFRevenueTests.RTARevenueFileProcessTC"/>
</testsuite> <!-- com.rupeelog.RIMSMFRevenueTests.RTARevenueFileProcessTC -->
