<?xml version="1.0" encoding="UTF-8"?>
<!-- Generated by org.testng.reporters.JUnitReportReporter -->
<testsuite skipped="0" hostname="LAPTOP-20TPOOCQ" name="com.rupeelog.breadcrumbTests.InstrumentInstrumentDebtBCTests" tests="2" failures="0" timestamp="07 Oct 2020 05:29:37 GMT" time="5.700" errors="0">
  <testcase name="insDebtInstrument" time="2.574" classname="com.rupeelog.breadcrumbTests.InstrumentInstrumentDebtBCTests"/>
  <testcase name="marketValues" time="3.126" classname="com.rupeelog.breadcrumbTests.InstrumentInstrumentDebtBCTests"/>
</testsuite> <!-- com.rupeelog.breadcrumbTests.InstrumentInstrumentDebtBCTests -->
