<?xml version="1.0" encoding="UTF-8"?>
<!-- Generated by org.testng.reporters.JUnitReportReporter -->
<testsuite skipped="0" hostname="LAPTOP-20TPOOCQ" name="com.rupeelog.discPMSOrderTests.PrepareAltInvOrdViewTC" tests="1" failures="0" timestamp="15 Mar 2021 10:20:47 GMT" time="4.595" errors="0">
  <testcase name="discPMSOrderPrepareAltInvOrdViewTC" time="4.595" classname="com.rupeelog.discPMSOrderTests.PrepareAltInvOrdViewTC"/>
</testsuite> <!-- com.rupeelog.discPMSOrderTests.PrepareAltInvOrdViewTC -->
