<?xml version="1.0" encoding="UTF-8"?>
<!-- Generated by org.testng.reporters.JUnitReportReporter -->
<testsuite skipped="0" hostname="LAPTOP-20TPOOCQ" name="com.rupeelog.masterClientOnBoardMasterTests.CreateOccupationTest" tests="1" failures="0" timestamp="18 Jan 2021 05:48:50 GMT" time="5.489" errors="0">
  <testcase name="masterClienttOnBoardCreateOccupationTest" time="5.489" classname="com.rupeelog.masterClientOnBoardMasterTests.CreateOccupationTest"/>
</testsuite> <!-- com.rupeelog.masterClientOnBoardMasterTests.CreateOccupationTest -->
