<?xml version="1.0" encoding="UTF-8"?>
<!-- Generated by org.testng.reporters.JUnitReportReporter -->
<testsuite skipped="0" hostname="LAPTOP-20TPOOCQ" name="com.rupeelog.RIMSClientFeesTests.AddPostingDayMasterTC" tests="1" failures="0" timestamp="19 Feb 2021 06:19:06 GMT" time="33.607" errors="0">
  <testcase name="rimsClinetFeesAddPostingDayMasterTC" time="33.607" classname="com.rupeelog.RIMSClientFeesTests.AddPostingDayMasterTC"/>
</testsuite> <!-- com.rupeelog.RIMSClientFeesTests.AddPostingDayMasterTC -->
