<?xml version="1.0" encoding="UTF-8"?>
<!-- Generated by org.testng.reporters.JUnitReportReporter -->
<testsuite skipped="0" hostname="LAPTOP-20TPOOCQ" name="com.rupeelog.breadcrumbTests.OrderFundPayoutOrderBCTests" tests="1" failures="0" timestamp="07 Oct 2020 05:29:36 GMT" time="2.803" errors="1">
  <testcase name="fundPayoutOrder" time="2.803" classname="com.rupeelog.breadcrumbTests.OrderFundPayoutOrderBCTests">
    <error type="java.lang.NullPointerException">
      <![CDATA[java.lang.NullPointerException
at sun.reflect.GeneratedMethodAccessor1.invoke(Unknown Source)
at sun.reflect.DelegatingMethodAccessorImpl.invoke(Unknown Source)
at java.lang.reflect.Method.invoke(Unknown Source)
at org.openqa.selenium.support.pagefactory.internal.LocatingElementHandler.invoke(LocatingElementHandler.java:51)
at com.sun.proxy.$Proxy14.isDisplayed(Unknown Source)
at org.openqa.selenium.support.ui.ExpectedConditions.elementIfVisible(ExpectedConditions.java:315)
at org.openqa.selenium.support.ui.ExpectedConditions.access$100(ExpectedConditions.java:44)
at org.openqa.selenium.support.ui.ExpectedConditions$10.apply(ExpectedConditions.java:301)
at org.openqa.selenium.support.ui.ExpectedConditions$10.apply(ExpectedConditions.java:298)
at org.openqa.selenium.support.ui.FluentWait.until(FluentWait.java:248)
at com.rupeelog.utilty.WebDriverWaitFunctions.waitToLoadElement(WebDriverWaitFunctions.java:16)
at com.rupeelog.breadcrumbPages.OrderFundPayoutOrderBCPages.fundPayoutOrder(OrderFundPayoutOrderBCPages.java:44)
at com.rupeelog.breadcrumbTests.OrderFundPayoutOrderBCTests.fundPayoutOrder(OrderFundPayoutOrderBCTests.java:14)
at sun.reflect.NativeMethodAccessorImpl.invoke0(Native Method)
at sun.reflect.NativeMethodAccessorImpl.invoke(Unknown Source)
at sun.reflect.DelegatingMethodAccessorImpl.invoke(Unknown Source)
at java.lang.reflect.Method.invoke(Unknown Source)
at org.testng.internal.MethodInvocationHelper.invokeMethod(MethodInvocationHelper.java:124)
at org.testng.internal.Invoker.invokeMethod(Invoker.java:580)
at org.testng.internal.Invoker.invokeTestMethod(Invoker.java:716)
at org.testng.internal.Invoker.invokeTestMethods(Invoker.java:988)
at org.testng.internal.TestMethodWorker.invokeTestMethods(TestMethodWorker.java:125)
at org.testng.internal.TestMethodWorker.run(TestMethodWorker.java:109)
at org.testng.TestRunner.privateRun(TestRunner.java:648)
at org.testng.TestRunner.run(TestRunner.java:505)
at org.testng.SuiteRunner.runTest(SuiteRunner.java:455)
at org.testng.SuiteRunner.runSequentially(SuiteRunner.java:450)
at org.testng.SuiteRunner.privateRun(SuiteRunner.java:415)
at org.testng.SuiteRunner.run(SuiteRunner.java:364)
at org.testng.SuiteRunnerWorker.runSuite(SuiteRunnerWorker.java:52)
at org.testng.SuiteRunnerWorker.run(SuiteRunnerWorker.java:84)
at org.testng.TestNG.runSuitesSequentially(TestNG.java:1208)
at org.testng.TestNG.runSuitesLocally(TestNG.java:1137)
at org.testng.TestNG.runSuites(TestNG.java:1049)
at org.testng.TestNG.run(TestNG.java:1017)
at org.testng.remote.AbstractRemoteTestNG.run(AbstractRemoteTestNG.java:115)
at org.testng.remote.RemoteTestNG.initAndRun(RemoteTestNG.java:251)
at org.testng.remote.RemoteTestNG.main(RemoteTestNG.java:77)
]]>
    </error>
  </testcase> <!-- fundPayoutOrder -->
</testsuite> <!-- com.rupeelog.breadcrumbTests.OrderFundPayoutOrderBCTests -->
