<?xml version="1.0" encoding="UTF-8"?>
<!-- Generated by org.testng.reporters.JUnitReportReporter -->
<testsuite skipped="0" hostname="LAPTOP-20TPOOCQ" name="com.rupeelog.instrumentDerivatTests.CreateOptionPriceTC" tests="1" failures="0" timestamp="15 Feb 2021 10:57:24 GMT" time="9.304" errors="0">
  <testcase name="instrumentDerivatCreateOptionPriceTC" time="9.304" classname="com.rupeelog.instrumentDerivatTests.CreateOptionPriceTC"/>
</testsuite> <!-- com.rupeelog.instrumentDerivatTests.CreateOptionPriceTC -->
