<?xml version="1.0" encoding="UTF-8"?>
<!-- Generated by org.testng.reporters.JUnitReportReporter -->
<testsuite skipped="0" hostname="LAPTOP-20TPOOCQ" name="com.rupeelog.accountingTest.CreateCorpusStockOutManagedAccTC" tests="1" failures="0" timestamp="05 Mar 2021 09:51:05 GMT" time="10.142" errors="0">
  <testcase name="accountingCreateCorpusStockInReceiptEQTC" time="10.142" classname="com.rupeelog.accountingTest.CreateCorpusStockOutManagedAccTC"/>
</testsuite> <!-- com.rupeelog.accountingTest.CreateCorpusStockOutManagedAccTC -->
