<?xml version="1.0" encoding="UTF-8"?>
<!-- Generated by org.testng.reporters.JUnitReportReporter -->
<testsuite skipped="0" hostname="LAPTOP-20TPOOCQ" name="com.rupeelog.rimsRIMSUpdateTests.RIMSRerunUpFamilyRMMappingTC" tests="1" failures="0" timestamp="23 Feb 2021 07:12:31 GMT" time="7.406" errors="0">
  <testcase name="createFamilyWiseSplitMasterTC" time="7.406" classname="com.rupeelog.rimsRIMSUpdateTests.RIMSRerunUpFamilyRMMappingTC"/>
</testsuite> <!-- com.rupeelog.rimsRIMSUpdateTests.RIMSRerunUpFamilyRMMappingTC -->
