<?xml version="1.0" encoding="UTF-8"?>
<!-- Generated by org.testng.reporters.JUnitReportReporter -->
<testsuite skipped="0" hostname="LAPTOP-20TPOOCQ" name="com.rupeelog.manualTxnAdjTests.RunMfFifoFoliowiseTest" tests="1" failures="0" timestamp="03 Feb 2021 10:49:01 GMT" time="4.588" errors="0">
  <testcase name="manualTxnAdjCurrencyAutoExpiryAllClientTest" time="4.588" classname="com.rupeelog.manualTxnAdjTests.RunMfFifoFoliowiseTest"/>
</testsuite> <!-- com.rupeelog.manualTxnAdjTests.RunMfFifoFoliowiseTest -->
