<?xml version="1.0" encoding="UTF-8"?>
<!-- Generated by org.testng.reporters.JUnitReportReporter -->
<testsuite skipped="0" hostname="LAPTOP-20TPOOCQ" name="com.rupeelog.breadcrumbTests.SettlementDebtBCTests" tests="2" failures="0" timestamp="07 Oct 2020 05:29:37 GMT" time="5.241" errors="0">
  <testcase name="debtSettleStock" time="2.866" classname="com.rupeelog.breadcrumbTests.SettlementDebtBCTests"/>
  <testcase name="debtSettleCash" time="2.375" classname="com.rupeelog.breadcrumbTests.SettlementDebtBCTests"/>
</testsuite> <!-- com.rupeelog.breadcrumbTests.SettlementDebtBCTests -->
