<?xml version="1.0" encoding="UTF-8"?>
<!-- Generated by org.testng.reporters.JUnitReportReporter -->
<testsuite skipped="0" hostname="LAPTOP-20TPOOCQ" name="com.rupeelog.commonMasterTests.CreateEmailCredenTest" tests="1" failures="0" timestamp="18 Jan 2021 07:26:20 GMT" time="8.172" errors="0">
  <testcase name="commonMasterCreateEmailCredenTest" time="8.172" classname="com.rupeelog.commonMasterTests.CreateEmailCredenTest"/>
</testsuite> <!-- com.rupeelog.commonMasterTests.CreateEmailCredenTest -->
