<?xml version="1.0" encoding="UTF-8"?>
<!-- Generated by org.testng.reporters.JUnitReportReporter -->
<testsuite skipped="0" hostname="LAPTOP-20TPOOCQ" name="com.rupeelog.processTests.EquityFetchEQMasterPricesTC" tests="1" failures="0" timestamp="25 Feb 2021 05:16:05 GMT" time="4.767" errors="0">
  <testcase name="processEquityFetchEQMasterPricesTC" time="4.767" classname="com.rupeelog.processTests.EquityFetchEQMasterPricesTC"/>
</testsuite> <!-- com.rupeelog.processTests.EquityFetchEQMasterPricesTC -->
