<?xml version="1.0" encoding="UTF-8"?>
<!-- Generated by org.testng.reporters.JUnitReportReporter -->
<testsuite skipped="0" hostname="LAPTOP-20TPOOCQ" name="com.rupeelog.processTests.CommodityValidateCmdtyTxnTC" tests="1" failures="0" timestamp="24 Feb 2021 09:35:22 GMT" time="4.099" errors="0">
  <testcase name="processCommodityValidateCmdtyTxnTC" time="4.099" classname="com.rupeelog.processTests.CommodityValidateCmdtyTxnTC"/>
</testsuite> <!-- com.rupeelog.processTests.CommodityValidateCmdtyTxnTC -->
