<?xml version="1.0" encoding="UTF-8"?>
<!-- Generated by org.testng.reporters.JUnitReportReporter -->
<testsuite hostname="LAPTOP-20TPOOCQ" failures="0" tests="1" name="com.rupeelog.clientOnBoardingTest.AddInvestmentAccountTest" time="52.137" errors="0" timestamp="10 Aug 2020 08:57:30 GMT" skipped="0">
  <testcase classname="com.rupeelog.clientOnBoardingTest.AddInvestmentAccountTest" name="addInvestmentAcc" time="52.137"/>
</testsuite> <!-- com.rupeelog.clientOnBoardingTest.AddInvestmentAccountTest -->
