<?xml version="1.0" encoding="UTF-8"?>
<!-- Generated by org.testng.reporters.JUnitReportReporter -->
<testsuite skipped="0" hostname="LAPTOP-20TPOOCQ" name="com.rupeelog.breadcrumbTests.ProcessFileProcessDashboardBCTests" tests="3" failures="0" timestamp="07 Oct 2020 05:29:37 GMT" time="9.734" errors="0">
  <testcase name="processedFileDownload" time="3.419" classname="com.rupeelog.breadcrumbTests.ProcessFileProcessDashboardBCTests"/>
  <testcase name="fileProcessDashBoard" time="2.431" classname="com.rupeelog.breadcrumbTests.ProcessFileProcessDashboardBCTests"/>
  <testcase name="runFileProcess" time="3.884" classname="com.rupeelog.breadcrumbTests.ProcessFileProcessDashboardBCTests"/>
</testsuite> <!-- com.rupeelog.breadcrumbTests.ProcessFileProcessDashboardBCTests -->
