<?xml version="1.0" encoding="UTF-8"?>
<!-- Generated by org.testng.reporters.JUnitReportReporter -->
<testsuite skipped="0" hostname="LAPTOP-20TPOOCQ" name="com.rupeelog.breadcrumbTests.AdminManualTxnAdjustmentsBCTests" tests="18" failures="0" timestamp="07 Oct 2020 05:29:37 GMT" time="60.168" errors="0">
  <testcase name="rerunEquitydividend" time="3.284" classname="com.rupeelog.breadcrumbTests.AdminManualTxnAdjustmentsBCTests"/>
  <testcase name="voucherDelete" time="2.959" classname="com.rupeelog.breadcrumbTests.AdminManualTxnAdjustmentsBCTests"/>
  <testcase name="runMFfifofoliowise" time="3.230" classname="com.rupeelog.breadcrumbTests.AdminManualTxnAdjustmentsBCTests"/>
  <testcase name="updateKYCStatus" time="2.686" classname="com.rupeelog.breadcrumbTests.AdminManualTxnAdjustmentsBCTests"/>
  <testcase name="generateNav" time="3.225" classname="com.rupeelog.breadcrumbTests.AdminManualTxnAdjustmentsBCTests"/>
  <testcase name="rerunEquitySplitBonus" time="4.620" classname="com.rupeelog.breadcrumbTests.AdminManualTxnAdjustmentsBCTests"/>
  <testcase name="rerunEquityDMA" time="4.895" classname="com.rupeelog.breadcrumbTests.AdminManualTxnAdjustmentsBCTests"/>
  <testcase name="rerunFutureM2M" time="3.418" classname="com.rupeelog.breadcrumbTests.AdminManualTxnAdjustmentsBCTests"/>
  <testcase name="rerunCurrencyOptionAutoExpiry" time="3.181" classname="com.rupeelog.breadcrumbTests.AdminManualTxnAdjustmentsBCTests"/>
  <testcase name="futureTxnDelete" time="3.357" classname="com.rupeelog.breadcrumbTests.AdminManualTxnAdjustmentsBCTests"/>
  <testcase name="xirr" time="3.110" classname="com.rupeelog.breadcrumbTests.AdminManualTxnAdjustmentsBCTests"/>
  <testcase name="rerunRealisedGain" time="3.249" classname="com.rupeelog.breadcrumbTests.AdminManualTxnAdjustmentsBCTests"/>
  <testcase name="commodityFutureTxnDelete" time="2.469" classname="com.rupeelog.breadcrumbTests.AdminManualTxnAdjustmentsBCTests"/>
  <testcase name="xirrSinceInception" time="2.872" classname="com.rupeelog.breadcrumbTests.AdminManualTxnAdjustmentsBCTests"/>
  <testcase name="rerunDPMSTWRR" time="3.515" classname="com.rupeelog.breadcrumbTests.AdminManualTxnAdjustmentsBCTests"/>
  <testcase name="rerunCommodityFutureM2M" time="3.525" classname="com.rupeelog.breadcrumbTests.AdminManualTxnAdjustmentsBCTests"/>
  <testcase name="rerunCurrencyFutureM2M" time="3.337" classname="com.rupeelog.breadcrumbTests.AdminManualTxnAdjustmentsBCTests"/>
  <testcase name="currencyFutureTxnDelete" time="3.236" classname="com.rupeelog.breadcrumbTests.AdminManualTxnAdjustmentsBCTests"/>
</testsuite> <!-- com.rupeelog.breadcrumbTests.AdminManualTxnAdjustmentsBCTests -->
