<?xml version="1.0" encoding="UTF-8"?>
<!-- Generated by org.testng.reporters.JUnitReportReporter -->
<testsuite skipped="0" hostname="LAPTOP-20TPOOCQ" name="com.rupeelog.mappingsTests.ClientDematMappingTest" tests="1" failures="0" timestamp="04 Feb 2021 09:17:19 GMT" time="16.365" errors="0">
  <testcase name="adminCOBCreateClientDematMappingTest" time="16.365" classname="com.rupeelog.mappingsTests.ClientDematMappingTest"/>
</testsuite> <!-- com.rupeelog.mappingsTests.ClientDematMappingTest -->
