<?xml version="1.0" encoding="UTF-8"?>
<!-- Generated by org.testng.reporters.JUnitReportReporter -->
<testsuite skipped="0" hostname="LAPTOP-20TPOOCQ" name="com.rupeelog.manualTxnAdjTests.EquityDividendClientTest" tests="1" failures="0" timestamp="02 Feb 2021 09:44:06 GMT" time="13.371" errors="0">
  <testcase name="manualTxnAdjEqDividClientTest" time="13.371" classname="com.rupeelog.manualTxnAdjTests.EquityDividendClientTest"/>
</testsuite> <!-- com.rupeelog.manualTxnAdjTests.EquityDividendClientTest -->
