<?xml version="1.0" encoding="UTF-8"?>
<!-- Generated by org.testng.reporters.JUnitReportReporter -->
<testsuite skipped="0" hostname="LAPTOP-20TPOOCQ" name="com.rupeelog.manualTxnAdjmentTests.RerunComdtyFutureM2MTest" tests="1" failures="0" timestamp="01 Feb 2021 11:45:22 GMT" time="11.164" errors="0">
  <testcase name="manualTxnAdjmentRerunComdtyFutureM2MTest" time="11.164" classname="com.rupeelog.manualTxnAdjmentTests.RerunComdtyFutureM2MTest"/>
</testsuite> <!-- com.rupeelog.manualTxnAdjmentTests.RerunComdtyFutureM2MTest -->
