<?xml version="1.0" encoding="UTF-8"?>
<!-- Generated by org.testng.reporters.JUnitReportReporter -->
<testsuite skipped="0" hostname="LAPTOP-20TPOOCQ" name="com.rupeelog.accountingTest.CreateReceiptVoucherTC" tests="1" failures="0" timestamp="09 Mar 2021 07:57:24 GMT" time="55.930" errors="0">
  <testcase name="accountingCreateReceiptVoucherTC" time="55.930" classname="com.rupeelog.accountingTest.CreateReceiptVoucherTC"/>
</testsuite> <!-- com.rupeelog.accountingTest.CreateReceiptVoucherTC -->
