<?xml version="1.0" encoding="UTF-8"?>
<!-- Generated by org.testng.reporters.JUnitReportReporter -->
<testsuite skipped="1" hostname="LAPTOP-20TPOOCQ" name="com.rupeelog.fpAdminTests.CreateInsuPolicyTC" tests="2" failures="0" timestamp="17 Mar 2021 09:49:35 GMT" time="5.121" errors="0">
  <testcase name="fpAdminViewInstGrowthEstimateTC" time="5.121" classname="com.rupeelog.fpAdminTests.CreateInsuPolicyTC"/>
  <testcase name="fpAdminAddInstGrowthEstimateTC" classname="com.rupeelog.fpAdminTests.CreateInsuPolicyTC">
    <skipped/>
  </testcase> <!-- fpAdminAddInstGrowthEstimateTC -->
</testsuite> <!-- com.rupeelog.fpAdminTests.CreateInsuPolicyTC -->
