<?xml version="1.0" encoding="UTF-8"?>
<!-- Generated by org.testng.reporters.JUnitReportReporter -->
<testsuite skipped="0" hostname="LAPTOP-20TPOOCQ" name="com.rupeelog.instrumentEquityTests.CreateCADividendTC" tests="1" failures="0" timestamp="20 Feb 2021 12:39:31 GMT" time="6.756" errors="0">
  <testcase name="instrumentEquityCreateEQBuyBackTC" time="6.756" classname="com.rupeelog.instrumentEquityTests.CreateCADividendTC"/>
</testsuite> <!-- com.rupeelog.instrumentEquityTests.CreateCADividendTC -->
