<?xml version="1.0" encoding="UTF-8"?>
<!-- Generated by org.testng.reporters.JUnitReportReporter -->
<testsuite skipped="0" hostname="LAPTOP-20TPOOCQ" name="com.rupeelog.rimsRIMSUpdateTests.CreateFamilyWiseSplitMasterTC" tests="1" failures="0" timestamp="23 Feb 2021 06:09:40 GMT" time="9.844" errors="0">
  <testcase name="createFamilyWiseSplitMasterTC" time="9.844" classname="com.rupeelog.rimsRIMSUpdateTests.CreateFamilyWiseSplitMasterTC"/>
</testsuite> <!-- com.rupeelog.rimsRIMSUpdateTests.CreateFamilyWiseSplitMasterTC -->
