<?xml version="1.0" encoding="UTF-8"?>
<!-- Generated by org.testng.reporters.JUnitReportReporter -->
<testsuite skipped="0" hostname="LAPTOP-20TPOOCQ" name="com.rupeelog.instrumentEquityTests.CreateEQBuyBackTC" tests="1" failures="0" timestamp="15 Feb 2021 12:34:04 GMT" time="39.334" errors="0">
  <testcase name="instrumentEquityCreateEQBuyBackTC" time="39.334" classname="com.rupeelog.instrumentEquityTests.CreateEQBuyBackTC"/>
</testsuite> <!-- com.rupeelog.instrumentEquityTests.CreateEQBuyBackTC -->
