<?xml version="1.0" encoding="UTF-8"?>
<!-- Generated by org.testng.reporters.JUnitReportReporter -->
<testsuite skipped="0" hostname="LAPTOP-20TPOOCQ" name="com.rupeelog.masterBankDPBrokerTests.CreateDPMasterTest" tests="1" failures="0" timestamp="31 Dec 2020 11:11:38 GMT" time="15.897" errors="0">
  <testcase name="masterBankDPBrokerCreateBrokerBankTest" time="15.897" classname="com.rupeelog.masterBankDPBrokerTests.CreateDPMasterTest"/>
</testsuite> <!-- com.rupeelog.masterBankDPBrokerTests.CreateDPMasterTest -->
