<?xml version="1.0" encoding="UTF-8"?>
<!-- Generated by org.testng.reporters.JUnitReportReporter -->
<testsuite skipped="0" hostname="LAPTOP-20TPOOCQ" name="com.rupeelog.discPMSOrderTests.ViewVarianceForAccPortfolioTC" tests="1" failures="0" timestamp="15 Mar 2021 06:12:15 GMT" time="5.200" errors="0">
  <testcase name="discPMSOrderViewVarianceForAccPortfolioTC" time="5.200" classname="com.rupeelog.discPMSOrderTests.ViewVarianceForAccPortfolioTC"/>
</testsuite> <!-- com.rupeelog.discPMSOrderTests.ViewVarianceForAccPortfolioTC -->
