<?xml version="1.0" encoding="UTF-8"?>
<!-- Generated by org.testng.reporters.JUnitReportReporter -->
<testsuite skipped="0" hostname="LAPTOP-20TPOOCQ" name="com.rupeelog.breadcrumbTests.AdminDeleteReportSchedulerBCTests" tests="1" failures="0" timestamp="07 Oct 2020 05:29:37 GMT" time="2.219" errors="0">
  <testcase name="assignResource" time="2.219" classname="com.rupeelog.breadcrumbTests.AdminDeleteReportSchedulerBCTests"/>
</testsuite> <!-- com.rupeelog.breadcrumbTests.AdminDeleteReportSchedulerBCTests -->
