<?xml version="1.0" encoding="UTF-8"?>
<!-- Generated by org.testng.reporters.JUnitReportReporter -->
<testsuite hostname="LAPTOP-20TPOOCQ" failures="0" tests="2" name="com.rupeelog.familyTest.CreateFamily" time="20.433" errors="0" timestamp="07 Aug 2020 07:49:58 GMT" skipped="1">
  <testcase classname="com.rupeelog.familyTest.CreateFamily" name="addFamily" time="20.433"/>
  <testcase classname="com.rupeelog.familyTest.CreateFamily" name="cancelFamilyCreateForm">
    <skipped/>
  </testcase> <!-- cancelFamilyCreateForm -->
</testsuite> <!-- com.rupeelog.familyTest.CreateFamily -->
