<?xml version="1.0" encoding="UTF-8"?>
<!-- Generated by org.testng.reporters.JUnitReportReporter -->
<testsuite skipped="0" hostname="LAPTOP-20TPOOCQ" name="com.rupeelog.breadcrumbTests.AdminAccessControlBCTests" tests="6" failures="0" timestamp="07 Oct 2020 05:29:37 GMT" time="15.301" errors="0">
  <testcase name="assignResource" time="3.113" classname="com.rupeelog.breadcrumbTests.AdminAccessControlBCTests"/>
  <testcase name="changPasswordKyph" time="2.015" classname="com.rupeelog.breadcrumbTests.AdminAccessControlBCTests"/>
  <testcase name="role" time="3.069" classname="com.rupeelog.breadcrumbTests.AdminAccessControlBCTests"/>
  <testcase name="changeEmployeePassword" time="2.563" classname="com.rupeelog.breadcrumbTests.AdminAccessControlBCTests"/>
  <testcase name="changePassword" time="2.355" classname="com.rupeelog.breadcrumbTests.AdminAccessControlBCTests"/>
  <testcase name="userRoleAccess" time="2.186" classname="com.rupeelog.breadcrumbTests.AdminAccessControlBCTests"/>
</testsuite> <!-- com.rupeelog.breadcrumbTests.AdminAccessControlBCTests -->
