<?xml version="1.0" encoding="UTF-8"?>
<!-- Generated by org.testng.reporters.JUnitReportReporter -->
<testsuite skipped="0" hostname="LAPTOP-20TPOOCQ" name="com.rupeelog.instrumentEquityTests.CreateMergerDemAmalgTC" tests="1" failures="0" timestamp="16 Feb 2021 06:26:28 GMT" time="21.024" errors="0">
  <testcase name="instrumentEquityCreateEQBuyBackTC" time="21.024" classname="com.rupeelog.instrumentEquityTests.CreateMergerDemAmalgTC"/>
</testsuite> <!-- com.rupeelog.instrumentEquityTests.CreateMergerDemAmalgTC -->
