<?xml version="1.0" encoding="UTF-8"?>
<!-- Generated by org.testng.reporters.JUnitReportReporter -->
<testsuite skipped="0" hostname="LAPTOP-20TPOOCQ" name="com.rupeelog.clientOnBoardMasterTests.CreateLegalStatusTest" tests="1" failures="0" timestamp="31 Dec 2020 12:05:10 GMT" time="8.705" errors="0">
  <testcase name="masterClienttOnBoardCreateLegalStatusTest" time="8.705" classname="com.rupeelog.clientOnBoardMasterTests.CreateLegalStatusTest"/>
</testsuite> <!-- com.rupeelog.clientOnBoardMasterTests.CreateLegalStatusTest -->
