<?xml version="1.0" encoding="UTF-8"?>
<!-- Generated by org.testng.reporters.JUnitReportReporter -->
<testsuite skipped="0" hostname="LAPTOP-20TPOOCQ" name="com.rupeelog.manualTxnAdjTests.FutureM2MClientTest" tests="1" failures="0" timestamp="03 Feb 2021 05:45:41 GMT" time="14.753" errors="0">
  <testcase name="manualTxnAdjmentFutureM2MTestClientTest" time="14.753" classname="com.rupeelog.manualTxnAdjTests.FutureM2MClientTest"/>
</testsuite> <!-- com.rupeelog.manualTxnAdjTests.FutureM2MClientTest -->
