<?xml version="1.0" encoding="UTF-8"?>
<!-- Generated by org.testng.reporters.JUnitReportReporter -->
<testsuite skipped="0" hostname="LAPTOP-20TPOOCQ" name="com.rupeelog.RIMSMFRevenueTests.MFTrailFeesExcepCalTC" tests="1" failures="0" timestamp="22 Feb 2021 06:47:04 GMT" time="5.321" errors="0">
  <testcase name="rimsMFRevenueMFTrailFeesExcepCalTC" time="5.321" classname="com.rupeelog.RIMSMFRevenueTests.MFTrailFeesExcepCalTC"/>
</testsuite> <!-- com.rupeelog.RIMSMFRevenueTests.MFTrailFeesExcepCalTC -->
