<?xml version="1.0" encoding="UTF-8"?>
<!-- Generated by org.testng.reporters.JUnitReportReporter -->
<testsuite skipped="0" hostname="LAPTOP-20TPOOCQ" name="com.rupeelog.breadcrumbTests.MasterCommonMasterBCTests" tests="7" failures="0" timestamp="07 Oct 2020 05:29:37 GMT" time="22.552" errors="1">
  <testcase name="emailCreden" time="3.487" classname="com.rupeelog.breadcrumbTests.MasterCommonMasterBCTests">
    <error type="java.lang.NullPointerException">
      <![CDATA[java.lang.NullPointerException
at java.lang.String.contains(Unknown Source)
at com.rupeelog.breadcrumbPages.MasterCommonMasterBCPages.emailCreden(MasterCommonMasterBCPages.java:98)
at com.rupeelog.breadcrumbTests.MasterCommonMasterBCTests.emailCreden(MasterCommonMasterBCTests.java:22)
at sun.reflect.NativeMethodAccessorImpl.invoke0(Native Method)
at sun.reflect.NativeMethodAccessorImpl.invoke(Unknown Source)
at sun.reflect.DelegatingMethodAccessorImpl.invoke(Unknown Source)
at java.lang.reflect.Method.invoke(Unknown Source)
at org.testng.internal.MethodInvocationHelper.invokeMethod(MethodInvocationHelper.java:124)
at org.testng.internal.Invoker.invokeMethod(Invoker.java:580)
at org.testng.internal.Invoker.invokeTestMethod(Invoker.java:716)
at org.testng.internal.Invoker.invokeTestMethods(Invoker.java:988)
at org.testng.internal.TestMethodWorker.invokeTestMethods(TestMethodWorker.java:125)
at org.testng.internal.TestMethodWorker.run(TestMethodWorker.java:109)
at org.testng.TestRunner.privateRun(TestRunner.java:648)
at org.testng.TestRunner.run(TestRunner.java:505)
at org.testng.SuiteRunner.runTest(SuiteRunner.java:455)
at org.testng.SuiteRunner.runSequentially(SuiteRunner.java:450)
at org.testng.SuiteRunner.privateRun(SuiteRunner.java:415)
at org.testng.SuiteRunner.run(SuiteRunner.java:364)
at org.testng.SuiteRunnerWorker.runSuite(SuiteRunnerWorker.java:52)
at org.testng.SuiteRunnerWorker.run(SuiteRunnerWorker.java:84)
at org.testng.TestNG.runSuitesSequentially(TestNG.java:1208)
at org.testng.TestNG.runSuitesLocally(TestNG.java:1137)
at org.testng.TestNG.runSuites(TestNG.java:1049)
at org.testng.TestNG.run(TestNG.java:1017)
at org.testng.remote.AbstractRemoteTestNG.run(AbstractRemoteTestNG.java:115)
at org.testng.remote.RemoteTestNG.initAndRun(RemoteTestNG.java:251)
at org.testng.remote.RemoteTestNG.main(RemoteTestNG.java:77)
]]>
    </error>
  </testcase> <!-- emailCreden -->
  <testcase name="organisationOrdermode" time="3.047" classname="com.rupeelog.breadcrumbTests.MasterCommonMasterBCTests"/>
  <testcase name="smsCreden" time="3.255" classname="com.rupeelog.breadcrumbTests.MasterCommonMasterBCTests"/>
  <testcase name="indicesBenchmarkValues" time="3.270" classname="com.rupeelog.breadcrumbTests.MasterCommonMasterBCTests"/>
  <testcase name="standardRemarks" time="3.162" classname="com.rupeelog.breadcrumbTests.MasterCommonMasterBCTests"/>
  <testcase name="orgnBSEEnable" time="3.204" classname="com.rupeelog.breadcrumbTests.MasterCommonMasterBCTests"/>
  <testcase name="caliberSchedulerNotification" time="3.127" classname="com.rupeelog.breadcrumbTests.MasterCommonMasterBCTests"/>
</testsuite> <!-- com.rupeelog.breadcrumbTests.MasterCommonMasterBCTests -->
