<?xml version="1.0" encoding="UTF-8"?>
<!-- Generated by org.testng.reporters.JUnitReportReporter -->
<testsuite skipped="0" hostname="LAPTOP-20TPOOCQ" name="com.rupeelog.breadcrumbTests.MasterBankDPBrokerBCTests" tests="7" failures="0" timestamp="07 Oct 2020 05:29:37 GMT" time="20.722" errors="0">
  <testcase name="brokerBank" time="2.482" classname="com.rupeelog.breadcrumbTests.MasterBankDPBrokerBCTests"/>
  <testcase name="bankMaster" time="3.058" classname="com.rupeelog.breadcrumbTests.MasterBankDPBrokerBCTests"/>
  <testcase name="broker" time="3.568" classname="com.rupeelog.breadcrumbTests.MasterBankDPBrokerBCTests"/>
  <testcase name="branchBank" time="3.018" classname="com.rupeelog.breadcrumbTests.MasterBankDPBrokerBCTests"/>
  <testcase name="bankAccountType" time="2.399" classname="com.rupeelog.breadcrumbTests.MasterBankDPBrokerBCTests"/>
  <testcase name="dpMaster" time="3.078" classname="com.rupeelog.breadcrumbTests.MasterBankDPBrokerBCTests"/>
  <testcase name="brokerDemat" time="3.119" classname="com.rupeelog.breadcrumbTests.MasterBankDPBrokerBCTests"/>
</testsuite> <!-- com.rupeelog.breadcrumbTests.MasterBankDPBrokerBCTests -->
