<?xml version="1.0" encoding="UTF-8"?>
<!-- Generated by org.testng.reporters.JUnitReportReporter -->
<testsuite skipped="0" hostname="LAPTOP-20TPOOCQ" name="com.rupeelog.masterBankDPBrokerTests.CreateBankMasterTest" tests="1" failures="0" timestamp="07 Nov 2020 09:46:20 GMT" time="9.895" errors="0">
  <testcase name="masterBankDPBrokerCreateBankMaster" time="9.895" classname="com.rupeelog.masterBankDPBrokerTests.CreateBankMasterTest"/>
</testsuite> <!-- com.rupeelog.masterBankDPBrokerTests.CreateBankMasterTest -->
