<?xml version="1.0" encoding="UTF-8"?>
<!-- Generated by org.testng.reporters.JUnitReportReporter -->
<testsuite skipped="0" hostname="LAPTOP-20TPOOCQ" name="com.rupeelog.manualTxnAdjTests.DPMStwrrPortfolioTest" tests="1" failures="0" timestamp="02 Feb 2021 07:22:54 GMT" time="10.077" errors="0">
  <testcase name="manualTxnAdjDPMSmodelPFolioTest" time="10.077" classname="com.rupeelog.manualTxnAdjTests.DPMStwrrPortfolioTest"/>
</testsuite> <!-- com.rupeelog.manualTxnAdjTests.DPMStwrrPortfolioTest -->
