<?xml version="1.0" encoding="UTF-8"?>
<!-- Generated by org.testng.reporters.JUnitReportReporter -->
<testsuite skipped="0" hostname="LAPTOP-20TPOOCQ" name="com.rupeelog.RIMSClientFeesTests.CreateFeesPostingFreqTC" tests="1" failures="0" timestamp="19 Feb 2021 07:02:22 GMT" time="7.701" errors="0">
  <testcase name="rimsClinetFeesCreateFeesPostingFreqTC" time="7.701" classname="com.rupeelog.RIMSClientFeesTests.CreateFeesPostingFreqTC"/>
</testsuite> <!-- com.rupeelog.RIMSClientFeesTests.CreateFeesPostingFreqTC -->
