<?xml version="1.0" encoding="UTF-8"?>
<!-- Generated by org.testng.reporters.JUnitReportReporter -->
<testsuite skipped="0" hostname="LAPTOP-20TPOOCQ" name="com.rupeelog.breadcrumbTests.ProcessMutualFundBCTest" tests="13" failures="0" timestamp="16 Oct 2020 05:44:44 GMT" time="39.831" errors="0">
  <testcase name="processMFTransactionUploadRTABc" time="4.255" classname="com.rupeelog.breadcrumbTests.ProcessMutualFundBCTest"/>
  <testcase name="processMFTransactionOrderMatchingBc" time="2.774" classname="com.rupeelog.breadcrumbTests.ProcessMutualFundBCTest"/>
  <testcase name="processMFValidateWbr9ErrorBc" time="2.708" classname="com.rupeelog.breadcrumbTests.ProcessMutualFundBCTest"/>
  <testcase name="processMFAUMUploadRTABc" time="3.716" classname="com.rupeelog.breadcrumbTests.ProcessMutualFundBCTest"/>
  <testcase name="processMFFolioMappedBc" time="2.228" classname="com.rupeelog.breadcrumbTests.ProcessMutualFundBCTest"/>
  <testcase name="processMFTransactionNotValidatedBc" time="3.317" classname="com.rupeelog.breadcrumbTests.ProcessMutualFundBCTest"/>
  <testcase name="processMFFolioUnmappedBc" time="3.430" classname="com.rupeelog.breadcrumbTests.ProcessMutualFundBCTest"/>
  <testcase name="processMFfolioPortfolioShiftBc" time="2.828" classname="com.rupeelog.breadcrumbTests.ProcessMutualFundBCTest"/>
  <testcase name="processMFMasterPullBSEStarBc" time="3.014" classname="com.rupeelog.breadcrumbTests.ProcessMutualFundBCTest"/>
  <testcase name="processMFFolioChangeBc" time="2.732" classname="com.rupeelog.breadcrumbTests.ProcessMutualFundBCTest"/>
  <testcase name="processMFValidateSIPErrorEntriesBc" time="3.304" classname="com.rupeelog.breadcrumbTests.ProcessMutualFundBCTest"/>
  <testcase name="processMFRTACorpusNotValidatedBc" time="2.654" classname="com.rupeelog.breadcrumbTests.ProcessMutualFundBCTest"/>
  <testcase name="processMFUploadAmfiNAVBc" time="2.871" classname="com.rupeelog.breadcrumbTests.ProcessMutualFundBCTest"/>
</testsuite> <!-- com.rupeelog.breadcrumbTests.ProcessMutualFundBCTest -->
