<?xml version="1.0" encoding="UTF-8"?>
<!-- Generated by org.testng.reporters.JUnitReportReporter -->
<testsuite skipped="0" hostname="LAPTOP-20TPOOCQ" name="com.rupeelog.breadcrumbTests.AdminPasswordBCTests" tests="2" failures="0" timestamp="07 Oct 2020 05:29:37 GMT" time="5.270" errors="0">
  <testcase name="rtaEmailPassword" time="2.790" classname="com.rupeelog.breadcrumbTests.AdminPasswordBCTests"/>
  <testcase name="mfExchangePassword" time="2.480" classname="com.rupeelog.breadcrumbTests.AdminPasswordBCTests"/>
</testsuite> <!-- com.rupeelog.breadcrumbTests.AdminPasswordBCTests -->
