<?xml version="1.0" encoding="UTF-8"?>
<!-- Generated by org.testng.reporters.JUnitXMLReporter -->
<testsuite hostname="RAM-PC" ignored="0" name="RetryMulitple" tests="2" failures="0" timestamp="26 Dec 2019 17:05:03 GMT" time="0.108" errors="0">
  <testcase name="Test1ByListerner" time="0.035" classname="com.qa.retryFailedTCUsingListener.TestCaseRetryByListerner"/>
  <testcase name="Test2ByListerner" time="0.006" classname="com.qa.retryFailedTCUsingListener.TestCaseRetryByListerner"/>
</testsuite> <!-- RetryMulitple -->
